/*
this is just an example 
use 
terraform output instance_public_ip-us-east-1 >> instance_public_ip-json.out

terraform output instance_public_ip-us-west-1 >>  instance_public_ip-json.out


*/

[
  {
    "name" = "web-app-us-east-0"
    "public_ip" = "54.242.120.118"
  },
  {
    "name" = "web-app-us-east-1"
    "public_ip" = "34.229.220.24"
  },
]
[
  {
    "name" = "web-app-us-west-0"
    "public_ip" = "54.67.104.4"
  },
  {
    "name" = "web-app-us-west-1"
    "public_ip" = "50.18.134.65"
  },
]
